<?xml version="1.0" encoding="UTF-8"?>
<testsuite xmlns:xsi="http://www.w3.org/2001/XMLSchema-instance" xsi:noNamespaceSchemaLocation="https://maven.apache.org/surefire/maven-surefire-plugin/xsd/surefire-test-report.xsd" name="com.example.cbepis.CbepisApplicationTests" time="7.51" tests="1" errors="0" skipped="0" failures="0">
  <properties>
    <property name="java.specification.version" value="17"/>
    <property name="sun.cpu.isalist" value="amd64"/>
    <property name="sun.jnu.encoding" value="GBK"/>
    <property name="java.class.path" value="D:\IdeaProject\CBEPIS\target\test-classes;D:\IdeaProject\CBEPIS\target\classes;D:\Environment\apache-maven-3.8.6\maven-repo\org\springframework\boot\spring-boot-starter-jdbc\2.7.9\spring-boot-starter-jdbc-2.7.9.jar;D:\Environment\apache-maven-3.8.6\maven-repo\org\springframework\boot\spring-boot-starter\2.7.9\spring-boot-starter-2.7.9.jar;D:\Environment\apache-maven-3.8.6\maven-repo\org\springframework\boot\spring-boot\2.7.9\spring-boot-2.7.9.jar;D:\Environment\apache-maven-3.8.6\maven-repo\org\springframework\boot\spring-boot-starter-logging\2.7.9\spring-boot-starter-logging-2.7.9.jar;D:\Environment\apache-maven-3.8.6\maven-repo\org\apache\logging\log4j\log4j-to-slf4j\2.17.2\log4j-to-slf4j-2.17.2.jar;D:\Environment\apache-maven-3.8.6\maven-repo\org\slf4j\jul-to-slf4j\1.7.36\jul-to-slf4j-1.7.36.jar;D:\Environment\apache-maven-3.8.6\maven-repo\jakarta\annotation\jakarta.annotation-api\1.3.5\jakarta.annotation-api-1.3.5.jar;D:\Environment\apache-maven-3.8.6\maven-repo\org\yaml\snakeyaml\1.30\snakeyaml-1.30.jar;D:\Environment\apache-maven-3.8.6\maven-repo\com\zaxxer\HikariCP\4.0.3\HikariCP-4.0.3.jar;D:\Environment\apache-maven-3.8.6\maven-repo\org\springframework\spring-jdbc\5.3.25\spring-jdbc-5.3.25.jar;D:\Environment\apache-maven-3.8.6\maven-repo\org\springframework\spring-beans\5.3.25\spring-beans-5.3.25.jar;D:\Environment\apache-maven-3.8.6\maven-repo\org\springframework\spring-tx\5.3.25\spring-tx-5.3.25.jar;D:\Environment\apache-maven-3.8.6\maven-repo\org\springframework\boot\spring-boot-starter-thymeleaf\2.7.9\spring-boot-starter-thymeleaf-2.7.9.jar;D:\Environment\apache-maven-3.8.6\maven-repo\org\thymeleaf\thymeleaf-spring5\3.0.15.RELEASE\thymeleaf-spring5-3.0.15.RELEASE.jar;D:\Environment\apache-maven-3.8.6\maven-repo\org\thymeleaf\thymeleaf\3.0.15.RELEASE\thymeleaf-3.0.15.RELEASE.jar;D:\Environment\apache-maven-3.8.6\maven-repo\org\attoparser\attoparser\2.0.5.RELEASE\attoparser-2.0.5.RELEASE.jar;D:\Environment\apache-maven-3.8.6\maven-repo\org\unbescape\unbescape\1.1.6.RELEASE\unbescape-1.1.6.RELEASE.jar;D:\Environment\apache-maven-3.8.6\maven-repo\org\thymeleaf\extras\thymeleaf-extras-java8time\3.0.4.RELEASE\thymeleaf-extras-java8time-3.0.4.RELEASE.jar;D:\Environment\apache-maven-3.8.6\maven-repo\org\springframework\boot\spring-boot-starter-web\2.7.9\spring-boot-starter-web-2.7.9.jar;D:\Environment\apache-maven-3.8.6\maven-repo\org\springframework\boot\spring-boot-starter-json\2.7.9\spring-boot-starter-json-2.7.9.jar;D:\Environment\apache-maven-3.8.6\maven-repo\com\fasterxml\jackson\core\jackson-databind\2.13.5\jackson-databind-2.13.5.jar;D:\Environment\apache-maven-3.8.6\maven-repo\com\fasterxml\jackson\core\jackson-annotations\2.13.5\jackson-annotations-2.13.5.jar;D:\Environment\apache-maven-3.8.6\maven-repo\com\fasterxml\jackson\core\jackson-core\2.13.5\jackson-core-2.13.5.jar;D:\Environment\apache-maven-3.8.6\maven-repo\com\fasterxml\jackson\datatype\jackson-datatype-jdk8\2.13.5\jackson-datatype-jdk8-2.13.5.jar;D:\Environment\apache-maven-3.8.6\maven-repo\com\fasterxml\jackson\datatype\jackson-datatype-jsr310\2.13.5\jackson-datatype-jsr310-2.13.5.jar;D:\Environment\apache-maven-3.8.6\maven-repo\com\fasterxml\jackson\module\jackson-module-parameter-names\2.13.5\jackson-module-parameter-names-2.13.5.jar;D:\Environment\apache-maven-3.8.6\maven-repo\org\springframework\boot\spring-boot-starter-tomcat\2.7.9\spring-boot-starter-tomcat-2.7.9.jar;D:\Environment\apache-maven-3.8.6\maven-repo\org\apache\tomcat\embed\tomcat-embed-core\9.0.71\tomcat-embed-core-9.0.71.jar;D:\Environment\apache-maven-3.8.6\maven-repo\org\apache\tomcat\embed\tomcat-embed-el\9.0.71\tomcat-embed-el-9.0.71.jar;D:\Environment\apache-maven-3.8.6\maven-repo\org\apache\tomcat\embed\tomcat-embed-websocket\9.0.71\tomcat-embed-websocket-9.0.71.jar;D:\Environment\apache-maven-3.8.6\maven-repo\org\springframework\spring-web\5.3.25\spring-web-5.3.25.jar;D:\Environment\apache-maven-3.8.6\maven-repo\org\springframework\spring-webmvc\5.3.25\spring-webmvc-5.3.25.jar;D:\Environment\apache-maven-3.8.6\maven-repo\org\springframework\spring-aop\5.3.25\spring-aop-5.3.25.jar;D:\Environment\apache-maven-3.8.6\maven-repo\org\springframework\spring-context\5.3.25\spring-context-5.3.25.jar;D:\Environment\apache-maven-3.8.6\maven-repo\org\springframework\spring-expression\5.3.25\spring-expression-5.3.25.jar;D:\Environment\apache-maven-3.8.6\maven-repo\org\springframework\boot\spring-boot-starter-test\2.7.9\spring-boot-starter-test-2.7.9.jar;D:\Environment\apache-maven-3.8.6\maven-repo\org\springframework\boot\spring-boot-test\2.7.9\spring-boot-test-2.7.9.jar;D:\Environment\apache-maven-3.8.6\maven-repo\org\springframework\boot\spring-boot-test-autoconfigure\2.7.9\spring-boot-test-autoconfigure-2.7.9.jar;D:\Environment\apache-maven-3.8.6\maven-repo\com\jayway\jsonpath\json-path\2.7.0\json-path-2.7.0.jar;D:\Environment\apache-maven-3.8.6\maven-repo\net\minidev\json-smart\2.4.8\json-smart-2.4.8.jar;D:\Environment\apache-maven-3.8.6\maven-repo\net\minidev\accessors-smart\2.4.8\accessors-smart-2.4.8.jar;D:\Environment\apache-maven-3.8.6\maven-repo\org\ow2\asm\asm\9.1\asm-9.1.jar;D:\Environment\apache-maven-3.8.6\maven-repo\jakarta\xml\bind\jakarta.xml.bind-api\2.3.3\jakarta.xml.bind-api-2.3.3.jar;D:\Environment\apache-maven-3.8.6\maven-repo\jakarta\activation\jakarta.activation-api\1.2.2\jakarta.activation-api-1.2.2.jar;D:\Environment\apache-maven-3.8.6\maven-repo\org\assertj\assertj-core\3.22.0\assertj-core-3.22.0.jar;D:\Environment\apache-maven-3.8.6\maven-repo\org\hamcrest\hamcrest\2.2\hamcrest-2.2.jar;D:\Environment\apache-maven-3.8.6\maven-repo\org\junit\jupiter\junit-jupiter\5.8.2\junit-jupiter-5.8.2.jar;D:\Environment\apache-maven-3.8.6\maven-repo\org\junit\jupiter\junit-jupiter-api\5.8.2\junit-jupiter-api-5.8.2.jar;D:\Environment\apache-maven-3.8.6\maven-repo\org\opentest4j\opentest4j\1.2.0\opentest4j-1.2.0.jar;D:\Environment\apache-maven-3.8.6\maven-repo\org\junit\platform\junit-platform-commons\1.8.2\junit-platform-commons-1.8.2.jar;D:\Environment\apache-maven-3.8.6\maven-repo\org\apiguardian\apiguardian-api\1.1.2\apiguardian-api-1.1.2.jar;D:\Environment\apache-maven-3.8.6\maven-repo\org\junit\jupiter\junit-jupiter-params\5.8.2\junit-jupiter-params-5.8.2.jar;D:\Environment\apache-maven-3.8.6\maven-repo\org\junit\jupiter\junit-jupiter-engine\5.8.2\junit-jupiter-engine-5.8.2.jar;D:\Environment\apache-maven-3.8.6\maven-repo\org\junit\platform\junit-platform-engine\1.8.2\junit-platform-engine-1.8.2.jar;D:\Environment\apache-maven-3.8.6\maven-repo\org\mockito\mockito-core\4.5.1\mockito-core-4.5.1.jar;D:\Environment\apache-maven-3.8.6\maven-repo\net\bytebuddy\byte-buddy\1.12.23\byte-buddy-1.12.23.jar;D:\Environment\apache-maven-3.8.6\maven-repo\net\bytebuddy\byte-buddy-agent\1.12.23\byte-buddy-agent-1.12.23.jar;D:\Environment\apache-maven-3.8.6\maven-repo\org\objenesis\objenesis\3.2\objenesis-3.2.jar;D:\Environment\apache-maven-3.8.6\maven-repo\org\mockito\mockito-junit-jupiter\4.5.1\mockito-junit-jupiter-4.5.1.jar;D:\Environment\apache-maven-3.8.6\maven-repo\org\skyscreamer\jsonassert\1.5.1\jsonassert-1.5.1.jar;D:\Environment\apache-maven-3.8.6\maven-repo\com\vaadin\external\google\android-json\0.0.20131108.vaadin1\android-json-0.0.20131108.vaadin1.jar;D:\Environment\apache-maven-3.8.6\maven-repo\org\springframework\spring-core\5.3.25\spring-core-5.3.25.jar;D:\Environment\apache-maven-3.8.6\maven-repo\org\springframework\spring-jcl\5.3.25\spring-jcl-5.3.25.jar;D:\Environment\apache-maven-3.8.6\maven-repo\org\springframework\spring-test\5.3.25\spring-test-5.3.25.jar;D:\Environment\apache-maven-3.8.6\maven-repo\org\xmlunit\xmlunit-core\2.9.1\xmlunit-core-2.9.1.jar;D:\Environment\apache-maven-3.8.6\maven-repo\org\springframework\boot\spring-boot-starter-data-redis\2.7.9\spring-boot-starter-data-redis-2.7.9.jar;D:\Environment\apache-maven-3.8.6\maven-repo\org\springframework\data\spring-data-redis\2.7.8\spring-data-redis-2.7.8.jar;D:\Environment\apache-maven-3.8.6\maven-repo\org\springframework\data\spring-data-keyvalue\2.7.8\spring-data-keyvalue-2.7.8.jar;D:\Environment\apache-maven-3.8.6\maven-repo\org\springframework\data\spring-data-commons\2.7.8\spring-data-commons-2.7.8.jar;D:\Environment\apache-maven-3.8.6\maven-repo\org\springframework\spring-oxm\5.3.25\spring-oxm-5.3.25.jar;D:\Environment\apache-maven-3.8.6\maven-repo\org\springframework\spring-context-support\5.3.25\spring-context-support-5.3.25.jar;D:\Environment\apache-maven-3.8.6\maven-repo\io\lettuce\lettuce-core\6.1.10.RELEASE\lettuce-core-6.1.10.RELEASE.jar;D:\Environment\apache-maven-3.8.6\maven-repo\io\netty\netty-common\4.1.89.Final\netty-common-4.1.89.Final.jar;D:\Environment\apache-maven-3.8.6\maven-repo\io\netty\netty-handler\4.1.89.Final\netty-handler-4.1.89.Final.jar;D:\Environment\apache-maven-3.8.6\maven-repo\io\netty\netty-resolver\4.1.89.Final\netty-resolver-4.1.89.Final.jar;D:\Environment\apache-maven-3.8.6\maven-repo\io\netty\netty-buffer\4.1.89.Final\netty-buffer-4.1.89.Final.jar;D:\Environment\apache-maven-3.8.6\maven-repo\io\netty\netty-transport-native-unix-common\4.1.89.Final\netty-transport-native-unix-common-4.1.89.Final.jar;D:\Environment\apache-maven-3.8.6\maven-repo\io\netty\netty-codec\4.1.89.Final\netty-codec-4.1.89.Final.jar;D:\Environment\apache-maven-3.8.6\maven-repo\io\netty\netty-transport\4.1.89.Final\netty-transport-4.1.89.Final.jar;D:\Environment\apache-maven-3.8.6\maven-repo\io\projectreactor\reactor-core\3.4.27\reactor-core-3.4.27.jar;D:\Environment\apache-maven-3.8.6\maven-repo\org\reactivestreams\reactive-streams\1.0.4\reactive-streams-1.0.4.jar;D:\Environment\apache-maven-3.8.6\maven-repo\org\springframework\boot\spring-boot-configuration-processor\2.7.9\spring-boot-configuration-processor-2.7.9.jar;D:\Environment\apache-maven-3.8.6\maven-repo\org\projectlombok\lombok\1.18.26\lombok-1.18.26.jar;D:\Environment\apache-maven-3.8.6\maven-repo\com\baomidou\mybatis-plus-boot-starter\3.1.1\mybatis-plus-boot-starter-3.1.1.jar;D:\Environment\apache-maven-3.8.6\maven-repo\com\baomidou\mybatis-plus\3.1.1\mybatis-plus-3.1.1.jar;D:\Environment\apache-maven-3.8.6\maven-repo\com\baomidou\mybatis-plus-extension\3.1.1\mybatis-plus-extension-3.1.1.jar;D:\Environment\apache-maven-3.8.6\maven-repo\com\baomidou\mybatis-plus-core\3.1.1\mybatis-plus-core-3.1.1.jar;D:\Environment\apache-maven-3.8.6\maven-repo\com\baomidou\mybatis-plus-annotation\3.1.1\mybatis-plus-annotation-3.1.1.jar;D:\Environment\apache-maven-3.8.6\maven-repo\com\github\jsqlparser\jsqlparser\1.2\jsqlparser-1.2.jar;D:\Environment\apache-maven-3.8.6\maven-repo\org\mybatis\mybatis\3.5.1\mybatis-3.5.1.jar;D:\Environment\apache-maven-3.8.6\maven-repo\org\mybatis\mybatis-spring\2.0.1\mybatis-spring-2.0.1.jar;D:\Environment\apache-maven-3.8.6\maven-repo\org\springframework\boot\spring-boot-autoconfigure\2.7.9\spring-boot-autoconfigure-2.7.9.jar;D:\Environment\apache-maven-3.8.6\maven-repo\mysql\mysql-connector-java\8.0.28\mysql-connector-java-8.0.28.jar;D:\Environment\apache-maven-3.8.6\maven-repo\com\google\protobuf\protobuf-java\3.11.4\protobuf-java-3.11.4.jar;D:\Environment\apache-maven-3.8.6\maven-repo\org\apache\poi\poi\5.2.0\poi-5.2.0.jar;D:\Environment\apache-maven-3.8.6\maven-repo\commons-codec\commons-codec\1.15\commons-codec-1.15.jar;D:\Environment\apache-maven-3.8.6\maven-repo\org\apache\commons\commons-collections4\4.4\commons-collections4-4.4.jar;D:\Environment\apache-maven-3.8.6\maven-repo\org\apache\commons\commons-math3\3.6.1\commons-math3-3.6.1.jar;D:\Environment\apache-maven-3.8.6\maven-repo\commons-io\commons-io\2.11.0\commons-io-2.11.0.jar;D:\Environment\apache-maven-3.8.6\maven-repo\com\zaxxer\SparseBitSet\1.2\SparseBitSet-1.2.jar;D:\Environment\apache-maven-3.8.6\maven-repo\org\apache\logging\log4j\log4j-api\2.17.2\log4j-api-2.17.2.jar;D:\Environment\apache-maven-3.8.6\maven-repo\org\apache\poi\poi-ooxml\5.2.0\poi-ooxml-5.2.0.jar;D:\Environment\apache-maven-3.8.6\maven-repo\org\apache\poi\poi-ooxml-lite\5.2.0\poi-ooxml-lite-5.2.0.jar;D:\Environment\apache-maven-3.8.6\maven-repo\org\apache\xmlbeans\xmlbeans\5.0.3\xmlbeans-5.0.3.jar;D:\Environment\apache-maven-3.8.6\maven-repo\org\apache\commons\commons-compress\1.21\commons-compress-1.21.jar;D:\Environment\apache-maven-3.8.6\maven-repo\com\github\virtuald\curvesapi\1.06\curvesapi-1.06.jar;D:\Environment\apache-maven-3.8.6\maven-repo\org\apache\httpcomponents\httpclient\4.5.2\httpclient-4.5.2.jar;D:\Environment\apache-maven-3.8.6\maven-repo\org\apache\httpcomponents\httpcore\4.4.16\httpcore-4.4.16.jar;D:\Environment\apache-maven-3.8.6\maven-repo\com\alibaba\fastjson\1.2.56\fastjson-1.2.56.jar;D:\Environment\apache-maven-3.8.6\maven-repo\cn\hutool\hutool-all\5.8.12\hutool-all-5.8.12.jar;D:\Environment\apache-maven-3.8.6\maven-repo\org\apache\shiro\shiro-spring\1.10.1\shiro-spring-1.10.1.jar;D:\Environment\apache-maven-3.8.6\maven-repo\org\apache\shiro\shiro-core\1.10.1\shiro-core-1.10.1.jar;D:\Environment\apache-maven-3.8.6\maven-repo\org\apache\shiro\shiro-lang\1.10.1\shiro-lang-1.10.1.jar;D:\Environment\apache-maven-3.8.6\maven-repo\org\apache\shiro\shiro-cache\1.10.1\shiro-cache-1.10.1.jar;D:\Environment\apache-maven-3.8.6\maven-repo\org\apache\shiro\shiro-crypto-hash\1.10.1\shiro-crypto-hash-1.10.1.jar;D:\Environment\apache-maven-3.8.6\maven-repo\org\apache\shiro\shiro-crypto-core\1.10.1\shiro-crypto-core-1.10.1.jar;D:\Environment\apache-maven-3.8.6\maven-repo\org\apache\shiro\shiro-crypto-cipher\1.10.1\shiro-crypto-cipher-1.10.1.jar;D:\Environment\apache-maven-3.8.6\maven-repo\org\apache\shiro\shiro-config-core\1.10.1\shiro-config-core-1.10.1.jar;D:\Environment\apache-maven-3.8.6\maven-repo\org\apache\shiro\shiro-config-ogdl\1.10.1\shiro-config-ogdl-1.10.1.jar;D:\Environment\apache-maven-3.8.6\maven-repo\commons-beanutils\commons-beanutils\1.9.4\commons-beanutils-1.9.4.jar;D:\Environment\apache-maven-3.8.6\maven-repo\commons-collections\commons-collections\3.2.2\commons-collections-3.2.2.jar;D:\Environment\apache-maven-3.8.6\maven-repo\org\apache\shiro\shiro-event\1.10.1\shiro-event-1.10.1.jar;D:\Environment\apache-maven-3.8.6\maven-repo\org\apache\shiro\shiro-web\1.10.1\shiro-web-1.10.1.jar;D:\Environment\apache-maven-3.8.6\maven-repo\org\owasp\encoder\encoder\1.2.3\encoder-1.2.3.jar;D:\Environment\apache-maven-3.8.6\maven-repo\com\github\theborakompanioni\thymeleaf-extras-shiro\2.1.0\thymeleaf-extras-shiro-2.1.0.jar;D:\Environment\apache-maven-3.8.6\maven-repo\org\apache\commons\commons-lang3\3.12.0\commons-lang3-3.12.0.jar;D:\Environment\apache-maven-3.8.6\maven-repo\com\squareup\okhttp3\okhttp\3.14.9\okhttp-3.14.9.jar;D:\Environment\apache-maven-3.8.6\maven-repo\com\squareup\okio\okio\1.17.2\okio-1.17.2.jar;D:\Environment\apache-maven-3.8.6\maven-repo\redis\clients\jedis\2.7.1\jedis-2.7.1.jar;D:\Environment\apache-maven-3.8.6\maven-repo\org\apache\commons\commons-pool2\2.11.1\commons-pool2-2.11.1.jar;D:\Environment\apache-maven-3.8.6\maven-repo\org\slf4j\slf4j-api\1.7.36\slf4j-api-1.7.36.jar;D:\Environment\apache-maven-3.8.6\maven-repo\ch\qos\logback\logback-classic\1.2.11\logback-classic-1.2.11.jar;D:\Environment\apache-maven-3.8.6\maven-repo\ch\qos\logback\logback-core\1.2.11\logback-core-1.2.11.jar;"/>
    <property name="java.vm.vendor" value="Oracle Corporation"/>
    <property name="sun.arch.data.model" value="64"/>
    <property name="user.variant" value=""/>
    <property name="java.vendor.url" value="https://java.oracle.com/"/>
    <property name="user.timezone" value="Asia/Shanghai"/>
    <property name="os.name" value="Windows 10"/>
    <property name="java.vm.specification.version" value="17"/>
    <property name="sun.java.launcher" value="SUN_STANDARD"/>
    <property name="user.country" value="CN"/>
    <property name="sun.boot.library.path" value="C:\Program Files\Java\jdk-17.0.3.1\bin"/>
    <property name="sun.java.command" value="C:\Users\梁庆枫\AppData\Local\Temp\surefire12303246049114880523\surefirebooter17139668426837426552.jar C:\Users\梁庆枫\AppData\Local\Temp\surefire12303246049114880523 2023-05-25T14-12-42_265-jvmRun1 surefire16053750317013481379tmp surefire_013345991376611120071tmp"/>
    <property name="jdk.debug" value="release"/>
    <property name="surefire.test.class.path" value="D:\IdeaProject\CBEPIS\target\test-classes;D:\IdeaProject\CBEPIS\target\classes;D:\Environment\apache-maven-3.8.6\maven-repo\org\springframework\boot\spring-boot-starter-jdbc\2.7.9\spring-boot-starter-jdbc-2.7.9.jar;D:\Environment\apache-maven-3.8.6\maven-repo\org\springframework\boot\spring-boot-starter\2.7.9\spring-boot-starter-2.7.9.jar;D:\Environment\apache-maven-3.8.6\maven-repo\org\springframework\boot\spring-boot\2.7.9\spring-boot-2.7.9.jar;D:\Environment\apache-maven-3.8.6\maven-repo\org\springframework\boot\spring-boot-starter-logging\2.7.9\spring-boot-starter-logging-2.7.9.jar;D:\Environment\apache-maven-3.8.6\maven-repo\org\apache\logging\log4j\log4j-to-slf4j\2.17.2\log4j-to-slf4j-2.17.2.jar;D:\Environment\apache-maven-3.8.6\maven-repo\org\slf4j\jul-to-slf4j\1.7.36\jul-to-slf4j-1.7.36.jar;D:\Environment\apache-maven-3.8.6\maven-repo\jakarta\annotation\jakarta.annotation-api\1.3.5\jakarta.annotation-api-1.3.5.jar;D:\Environment\apache-maven-3.8.6\maven-repo\org\yaml\snakeyaml\1.30\snakeyaml-1.30.jar;D:\Environment\apache-maven-3.8.6\maven-repo\com\zaxxer\HikariCP\4.0.3\HikariCP-4.0.3.jar;D:\Environment\apache-maven-3.8.6\maven-repo\org\springframework\spring-jdbc\5.3.25\spring-jdbc-5.3.25.jar;D:\Environment\apache-maven-3.8.6\maven-repo\org\springframework\spring-beans\5.3.25\spring-beans-5.3.25.jar;D:\Environment\apache-maven-3.8.6\maven-repo\org\springframework\spring-tx\5.3.25\spring-tx-5.3.25.jar;D:\Environment\apache-maven-3.8.6\maven-repo\org\springframework\boot\spring-boot-starter-thymeleaf\2.7.9\spring-boot-starter-thymeleaf-2.7.9.jar;D:\Environment\apache-maven-3.8.6\maven-repo\org\thymeleaf\thymeleaf-spring5\3.0.15.RELEASE\thymeleaf-spring5-3.0.15.RELEASE.jar;D:\Environment\apache-maven-3.8.6\maven-repo\org\thymeleaf\thymeleaf\3.0.15.RELEASE\thymeleaf-3.0.15.RELEASE.jar;D:\Environment\apache-maven-3.8.6\maven-repo\org\attoparser\attoparser\2.0.5.RELEASE\attoparser-2.0.5.RELEASE.jar;D:\Environment\apache-maven-3.8.6\maven-repo\org\unbescape\unbescape\1.1.6.RELEASE\unbescape-1.1.6.RELEASE.jar;D:\Environment\apache-maven-3.8.6\maven-repo\org\thymeleaf\extras\thymeleaf-extras-java8time\3.0.4.RELEASE\thymeleaf-extras-java8time-3.0.4.RELEASE.jar;D:\Environment\apache-maven-3.8.6\maven-repo\org\springframework\boot\spring-boot-starter-web\2.7.9\spring-boot-starter-web-2.7.9.jar;D:\Environment\apache-maven-3.8.6\maven-repo\org\springframework\boot\spring-boot-starter-json\2.7.9\spring-boot-starter-json-2.7.9.jar;D:\Environment\apache-maven-3.8.6\maven-repo\com\fasterxml\jackson\core\jackson-databind\2.13.5\jackson-databind-2.13.5.jar;D:\Environment\apache-maven-3.8.6\maven-repo\com\fasterxml\jackson\core\jackson-annotations\2.13.5\jackson-annotations-2.13.5.jar;D:\Environment\apache-maven-3.8.6\maven-repo\com\fasterxml\jackson\core\jackson-core\2.13.5\jackson-core-2.13.5.jar;D:\Environment\apache-maven-3.8.6\maven-repo\com\fasterxml\jackson\datatype\jackson-datatype-jdk8\2.13.5\jackson-datatype-jdk8-2.13.5.jar;D:\Environment\apache-maven-3.8.6\maven-repo\com\fasterxml\jackson\datatype\jackson-datatype-jsr310\2.13.5\jackson-datatype-jsr310-2.13.5.jar;D:\Environment\apache-maven-3.8.6\maven-repo\com\fasterxml\jackson\module\jackson-module-parameter-names\2.13.5\jackson-module-parameter-names-2.13.5.jar;D:\Environment\apache-maven-3.8.6\maven-repo\org\springframework\boot\spring-boot-starter-tomcat\2.7.9\spring-boot-starter-tomcat-2.7.9.jar;D:\Environment\apache-maven-3.8.6\maven-repo\org\apache\tomcat\embed\tomcat-embed-core\9.0.71\tomcat-embed-core-9.0.71.jar;D:\Environment\apache-maven-3.8.6\maven-repo\org\apache\tomcat\embed\tomcat-embed-el\9.0.71\tomcat-embed-el-9.0.71.jar;D:\Environment\apache-maven-3.8.6\maven-repo\org\apache\tomcat\embed\tomcat-embed-websocket\9.0.71\tomcat-embed-websocket-9.0.71.jar;D:\Environment\apache-maven-3.8.6\maven-repo\org\springframework\spring-web\5.3.25\spring-web-5.3.25.jar;D:\Environment\apache-maven-3.8.6\maven-repo\org\springframework\spring-webmvc\5.3.25\spring-webmvc-5.3.25.jar;D:\Environment\apache-maven-3.8.6\maven-repo\org\springframework\spring-aop\5.3.25\spring-aop-5.3.25.jar;D:\Environment\apache-maven-3.8.6\maven-repo\org\springframework\spring-context\5.3.25\spring-context-5.3.25.jar;D:\Environment\apache-maven-3.8.6\maven-repo\org\springframework\spring-expression\5.3.25\spring-expression-5.3.25.jar;D:\Environment\apache-maven-3.8.6\maven-repo\org\springframework\boot\spring-boot-starter-test\2.7.9\spring-boot-starter-test-2.7.9.jar;D:\Environment\apache-maven-3.8.6\maven-repo\org\springframework\boot\spring-boot-test\2.7.9\spring-boot-test-2.7.9.jar;D:\Environment\apache-maven-3.8.6\maven-repo\org\springframework\boot\spring-boot-test-autoconfigure\2.7.9\spring-boot-test-autoconfigure-2.7.9.jar;D:\Environment\apache-maven-3.8.6\maven-repo\com\jayway\jsonpath\json-path\2.7.0\json-path-2.7.0.jar;D:\Environment\apache-maven-3.8.6\maven-repo\net\minidev\json-smart\2.4.8\json-smart-2.4.8.jar;D:\Environment\apache-maven-3.8.6\maven-repo\net\minidev\accessors-smart\2.4.8\accessors-smart-2.4.8.jar;D:\Environment\apache-maven-3.8.6\maven-repo\org\ow2\asm\asm\9.1\asm-9.1.jar;D:\Environment\apache-maven-3.8.6\maven-repo\jakarta\xml\bind\jakarta.xml.bind-api\2.3.3\jakarta.xml.bind-api-2.3.3.jar;D:\Environment\apache-maven-3.8.6\maven-repo\jakarta\activation\jakarta.activation-api\1.2.2\jakarta.activation-api-1.2.2.jar;D:\Environment\apache-maven-3.8.6\maven-repo\org\assertj\assertj-core\3.22.0\assertj-core-3.22.0.jar;D:\Environment\apache-maven-3.8.6\maven-repo\org\hamcrest\hamcrest\2.2\hamcrest-2.2.jar;D:\Environment\apache-maven-3.8.6\maven-repo\org\junit\jupiter\junit-jupiter\5.8.2\junit-jupiter-5.8.2.jar;D:\Environment\apache-maven-3.8.6\maven-repo\org\junit\jupiter\junit-jupiter-api\5.8.2\junit-jupiter-api-5.8.2.jar;D:\Environment\apache-maven-3.8.6\maven-repo\org\opentest4j\opentest4j\1.2.0\opentest4j-1.2.0.jar;D:\Environment\apache-maven-3.8.6\maven-repo\org\junit\platform\junit-platform-commons\1.8.2\junit-platform-commons-1.8.2.jar;D:\Environment\apache-maven-3.8.6\maven-repo\org\apiguardian\apiguardian-api\1.1.2\apiguardian-api-1.1.2.jar;D:\Environment\apache-maven-3.8.6\maven-repo\org\junit\jupiter\junit-jupiter-params\5.8.2\junit-jupiter-params-5.8.2.jar;D:\Environment\apache-maven-3.8.6\maven-repo\org\junit\jupiter\junit-jupiter-engine\5.8.2\junit-jupiter-engine-5.8.2.jar;D:\Environment\apache-maven-3.8.6\maven-repo\org\junit\platform\junit-platform-engine\1.8.2\junit-platform-engine-1.8.2.jar;D:\Environment\apache-maven-3.8.6\maven-repo\org\mockito\mockito-core\4.5.1\mockito-core-4.5.1.jar;D:\Environment\apache-maven-3.8.6\maven-repo\net\bytebuddy\byte-buddy\1.12.23\byte-buddy-1.12.23.jar;D:\Environment\apache-maven-3.8.6\maven-repo\net\bytebuddy\byte-buddy-agent\1.12.23\byte-buddy-agent-1.12.23.jar;D:\Environment\apache-maven-3.8.6\maven-repo\org\objenesis\objenesis\3.2\objenesis-3.2.jar;D:\Environment\apache-maven-3.8.6\maven-repo\org\mockito\mockito-junit-jupiter\4.5.1\mockito-junit-jupiter-4.5.1.jar;D:\Environment\apache-maven-3.8.6\maven-repo\org\skyscreamer\jsonassert\1.5.1\jsonassert-1.5.1.jar;D:\Environment\apache-maven-3.8.6\maven-repo\com\vaadin\external\google\android-json\0.0.20131108.vaadin1\android-json-0.0.20131108.vaadin1.jar;D:\Environment\apache-maven-3.8.6\maven-repo\org\springframework\spring-core\5.3.25\spring-core-5.3.25.jar;D:\Environment\apache-maven-3.8.6\maven-repo\org\springframework\spring-jcl\5.3.25\spring-jcl-5.3.25.jar;D:\Environment\apache-maven-3.8.6\maven-repo\org\springframework\spring-test\5.3.25\spring-test-5.3.25.jar;D:\Environment\apache-maven-3.8.6\maven-repo\org\xmlunit\xmlunit-core\2.9.1\xmlunit-core-2.9.1.jar;D:\Environment\apache-maven-3.8.6\maven-repo\org\springframework\boot\spring-boot-starter-data-redis\2.7.9\spring-boot-starter-data-redis-2.7.9.jar;D:\Environment\apache-maven-3.8.6\maven-repo\org\springframework\data\spring-data-redis\2.7.8\spring-data-redis-2.7.8.jar;D:\Environment\apache-maven-3.8.6\maven-repo\org\springframework\data\spring-data-keyvalue\2.7.8\spring-data-keyvalue-2.7.8.jar;D:\Environment\apache-maven-3.8.6\maven-repo\org\springframework\data\spring-data-commons\2.7.8\spring-data-commons-2.7.8.jar;D:\Environment\apache-maven-3.8.6\maven-repo\org\springframework\spring-oxm\5.3.25\spring-oxm-5.3.25.jar;D:\Environment\apache-maven-3.8.6\maven-repo\org\springframework\spring-context-support\5.3.25\spring-context-support-5.3.25.jar;D:\Environment\apache-maven-3.8.6\maven-repo\io\lettuce\lettuce-core\6.1.10.RELEASE\lettuce-core-6.1.10.RELEASE.jar;D:\Environment\apache-maven-3.8.6\maven-repo\io\netty\netty-common\4.1.89.Final\netty-common-4.1.89.Final.jar;D:\Environment\apache-maven-3.8.6\maven-repo\io\netty\netty-handler\4.1.89.Final\netty-handler-4.1.89.Final.jar;D:\Environment\apache-maven-3.8.6\maven-repo\io\netty\netty-resolver\4.1.89.Final\netty-resolver-4.1.89.Final.jar;D:\Environment\apache-maven-3.8.6\maven-repo\io\netty\netty-buffer\4.1.89.Final\netty-buffer-4.1.89.Final.jar;D:\Environment\apache-maven-3.8.6\maven-repo\io\netty\netty-transport-native-unix-common\4.1.89.Final\netty-transport-native-unix-common-4.1.89.Final.jar;D:\Environment\apache-maven-3.8.6\maven-repo\io\netty\netty-codec\4.1.89.Final\netty-codec-4.1.89.Final.jar;D:\Environment\apache-maven-3.8.6\maven-repo\io\netty\netty-transport\4.1.89.Final\netty-transport-4.1.89.Final.jar;D:\Environment\apache-maven-3.8.6\maven-repo\io\projectreactor\reactor-core\3.4.27\reactor-core-3.4.27.jar;D:\Environment\apache-maven-3.8.6\maven-repo\org\reactivestreams\reactive-streams\1.0.4\reactive-streams-1.0.4.jar;D:\Environment\apache-maven-3.8.6\maven-repo\org\springframework\boot\spring-boot-configuration-processor\2.7.9\spring-boot-configuration-processor-2.7.9.jar;D:\Environment\apache-maven-3.8.6\maven-repo\org\projectlombok\lombok\1.18.26\lombok-1.18.26.jar;D:\Environment\apache-maven-3.8.6\maven-repo\com\baomidou\mybatis-plus-boot-starter\3.1.1\mybatis-plus-boot-starter-3.1.1.jar;D:\Environment\apache-maven-3.8.6\maven-repo\com\baomidou\mybatis-plus\3.1.1\mybatis-plus-3.1.1.jar;D:\Environment\apache-maven-3.8.6\maven-repo\com\baomidou\mybatis-plus-extension\3.1.1\mybatis-plus-extension-3.1.1.jar;D:\Environment\apache-maven-3.8.6\maven-repo\com\baomidou\mybatis-plus-core\3.1.1\mybatis-plus-core-3.1.1.jar;D:\Environment\apache-maven-3.8.6\maven-repo\com\baomidou\mybatis-plus-annotation\3.1.1\mybatis-plus-annotation-3.1.1.jar;D:\Environment\apache-maven-3.8.6\maven-repo\com\github\jsqlparser\jsqlparser\1.2\jsqlparser-1.2.jar;D:\Environment\apache-maven-3.8.6\maven-repo\org\mybatis\mybatis\3.5.1\mybatis-3.5.1.jar;D:\Environment\apache-maven-3.8.6\maven-repo\org\mybatis\mybatis-spring\2.0.1\mybatis-spring-2.0.1.jar;D:\Environment\apache-maven-3.8.6\maven-repo\org\springframework\boot\spring-boot-autoconfigure\2.7.9\spring-boot-autoconfigure-2.7.9.jar;D:\Environment\apache-maven-3.8.6\maven-repo\mysql\mysql-connector-java\8.0.28\mysql-connector-java-8.0.28.jar;D:\Environment\apache-maven-3.8.6\maven-repo\com\google\protobuf\protobuf-java\3.11.4\protobuf-java-3.11.4.jar;D:\Environment\apache-maven-3.8.6\maven-repo\org\apache\poi\poi\5.2.0\poi-5.2.0.jar;D:\Environment\apache-maven-3.8.6\maven-repo\commons-codec\commons-codec\1.15\commons-codec-1.15.jar;D:\Environment\apache-maven-3.8.6\maven-repo\org\apache\commons\commons-collections4\4.4\commons-collections4-4.4.jar;D:\Environment\apache-maven-3.8.6\maven-repo\org\apache\commons\commons-math3\3.6.1\commons-math3-3.6.1.jar;D:\Environment\apache-maven-3.8.6\maven-repo\commons-io\commons-io\2.11.0\commons-io-2.11.0.jar;D:\Environment\apache-maven-3.8.6\maven-repo\com\zaxxer\SparseBitSet\1.2\SparseBitSet-1.2.jar;D:\Environment\apache-maven-3.8.6\maven-repo\org\apache\logging\log4j\log4j-api\2.17.2\log4j-api-2.17.2.jar;D:\Environment\apache-maven-3.8.6\maven-repo\org\apache\poi\poi-ooxml\5.2.0\poi-ooxml-5.2.0.jar;D:\Environment\apache-maven-3.8.6\maven-repo\org\apache\poi\poi-ooxml-lite\5.2.0\poi-ooxml-lite-5.2.0.jar;D:\Environment\apache-maven-3.8.6\maven-repo\org\apache\xmlbeans\xmlbeans\5.0.3\xmlbeans-5.0.3.jar;D:\Environment\apache-maven-3.8.6\maven-repo\org\apache\commons\commons-compress\1.21\commons-compress-1.21.jar;D:\Environment\apache-maven-3.8.6\maven-repo\com\github\virtuald\curvesapi\1.06\curvesapi-1.06.jar;D:\Environment\apache-maven-3.8.6\maven-repo\org\apache\httpcomponents\httpclient\4.5.2\httpclient-4.5.2.jar;D:\Environment\apache-maven-3.8.6\maven-repo\org\apache\httpcomponents\httpcore\4.4.16\httpcore-4.4.16.jar;D:\Environment\apache-maven-3.8.6\maven-repo\com\alibaba\fastjson\1.2.56\fastjson-1.2.56.jar;D:\Environment\apache-maven-3.8.6\maven-repo\cn\hutool\hutool-all\5.8.12\hutool-all-5.8.12.jar;D:\Environment\apache-maven-3.8.6\maven-repo\org\apache\shiro\shiro-spring\1.10.1\shiro-spring-1.10.1.jar;D:\Environment\apache-maven-3.8.6\maven-repo\org\apache\shiro\shiro-core\1.10.1\shiro-core-1.10.1.jar;D:\Environment\apache-maven-3.8.6\maven-repo\org\apache\shiro\shiro-lang\1.10.1\shiro-lang-1.10.1.jar;D:\Environment\apache-maven-3.8.6\maven-repo\org\apache\shiro\shiro-cache\1.10.1\shiro-cache-1.10.1.jar;D:\Environment\apache-maven-3.8.6\maven-repo\org\apache\shiro\shiro-crypto-hash\1.10.1\shiro-crypto-hash-1.10.1.jar;D:\Environment\apache-maven-3.8.6\maven-repo\org\apache\shiro\shiro-crypto-core\1.10.1\shiro-crypto-core-1.10.1.jar;D:\Environment\apache-maven-3.8.6\maven-repo\org\apache\shiro\shiro-crypto-cipher\1.10.1\shiro-crypto-cipher-1.10.1.jar;D:\Environment\apache-maven-3.8.6\maven-repo\org\apache\shiro\shiro-config-core\1.10.1\shiro-config-core-1.10.1.jar;D:\Environment\apache-maven-3.8.6\maven-repo\org\apache\shiro\shiro-config-ogdl\1.10.1\shiro-config-ogdl-1.10.1.jar;D:\Environment\apache-maven-3.8.6\maven-repo\commons-beanutils\commons-beanutils\1.9.4\commons-beanutils-1.9.4.jar;D:\Environment\apache-maven-3.8.6\maven-repo\commons-collections\commons-collections\3.2.2\commons-collections-3.2.2.jar;D:\Environment\apache-maven-3.8.6\maven-repo\org\apache\shiro\shiro-event\1.10.1\shiro-event-1.10.1.jar;D:\Environment\apache-maven-3.8.6\maven-repo\org\apache\shiro\shiro-web\1.10.1\shiro-web-1.10.1.jar;D:\Environment\apache-maven-3.8.6\maven-repo\org\owasp\encoder\encoder\1.2.3\encoder-1.2.3.jar;D:\Environment\apache-maven-3.8.6\maven-repo\com\github\theborakompanioni\thymeleaf-extras-shiro\2.1.0\thymeleaf-extras-shiro-2.1.0.jar;D:\Environment\apache-maven-3.8.6\maven-repo\org\apache\commons\commons-lang3\3.12.0\commons-lang3-3.12.0.jar;D:\Environment\apache-maven-3.8.6\maven-repo\com\squareup\okhttp3\okhttp\3.14.9\okhttp-3.14.9.jar;D:\Environment\apache-maven-3.8.6\maven-repo\com\squareup\okio\okio\1.17.2\okio-1.17.2.jar;D:\Environment\apache-maven-3.8.6\maven-repo\redis\clients\jedis\2.7.1\jedis-2.7.1.jar;D:\Environment\apache-maven-3.8.6\maven-repo\org\apache\commons\commons-pool2\2.11.1\commons-pool2-2.11.1.jar;D:\Environment\apache-maven-3.8.6\maven-repo\org\slf4j\slf4j-api\1.7.36\slf4j-api-1.7.36.jar;D:\Environment\apache-maven-3.8.6\maven-repo\ch\qos\logback\logback-classic\1.2.11\logback-classic-1.2.11.jar;D:\Environment\apache-maven-3.8.6\maven-repo\ch\qos\logback\logback-core\1.2.11\logback-core-1.2.11.jar;"/>
    <property name="sun.cpu.endian" value="little"/>
    <property name="user.home" value="C:\Users\梁庆枫"/>
    <property name="user.language" value="zh"/>
    <property name="java.specification.vendor" value="Oracle Corporation"/>
    <property name="java.version.date" value="2022-04-22"/>
    <property name="java.home" value="C:\Program Files\Java\jdk-17.0.3.1"/>
    <property name="file.separator" value="\"/>
    <property name="basedir" value="D:\IdeaProject\CBEPIS"/>
    <property name="java.vm.compressedOopsMode" value="32-bit"/>
    <property name="line.separator" value="&#10;"/>
    <property name="java.vm.specification.vendor" value="Oracle Corporation"/>
    <property name="java.specification.name" value="Java Platform API Specification"/>
    <property name="surefire.real.class.path" value="C:\Users\梁庆枫\AppData\Local\Temp\surefire12303246049114880523\surefirebooter17139668426837426552.jar"/>
    <property name="user.script" value=""/>
    <property name="sun.management.compiler" value="HotSpot 64-Bit Tiered Compilers"/>
    <property name="java.runtime.version" value="17.0.3.1+2-LTS-6"/>
    <property name="user.name" value="梁庆枫"/>
    <property name="path.separator" value=";"/>
    <property name="os.version" value="10.0"/>
    <property name="java.runtime.name" value="Java(TM) SE Runtime Environment"/>
    <property name="file.encoding" value="GBK"/>
    <property name="java.vm.name" value="Java HotSpot(TM) 64-Bit Server VM"/>
    <property name="localRepository" value="D:\Environment\apache-maven-3.8.6\maven-repo"/>
    <property name="java.vendor.url.bug" value="https://bugreport.java.com/bugreport/"/>
    <property name="java.io.tmpdir" value="C:\Users\梁庆枫\AppData\Local\Temp\"/>
    <property name="idea.version" value="2022.1.3"/>
    <property name="java.version" value="17.0.3.1"/>
    <property name="user.dir" value="D:\IdeaProject\CBEPIS"/>
    <property name="os.arch" value="amd64"/>
    <property name="java.vm.specification.name" value="Java Virtual Machine Specification"/>
    <property name="sun.os.patch.level" value=""/>
    <property name="native.encoding" value="GBK"/>
    <property name="java.library.path" value="C:\Program Files\Java\jdk-17.0.3.1\bin;C:\WINDOWS\Sun\Java\bin;C:\WINDOWS\system32;C:\WINDOWS;D:\PyCharm\Anaconda;D:\PyCharm\Anaconda\Library\mingw-w64\bin;D:\PyCharm\Anaconda\Library\usr\bin;D:\PyCharm\Anaconda\Library\bin;D:\PyCharm\Anaconda\Scripts;D:\VMWare\bin\;C:\Windows\system32;C:\Windows;C:\Windows\System32\Wbem;C:\Windows\System32\WindowsPowerShell\v1.0\;C:\Windows\System32\OpenSSH\;C:\Program Files (x86)\NVIDIA Corporation\PhysX\Common;C:\Program Files\NVIDIA Corporation\NVIDIA NvDLISR;D:\MATLAB\R2019b\bin;C:\Program Files\dotnet\;C:\Program Files (x86)\Git\cmd;C:\Program Files\Microsoft SQL Server\150\DTS\Binn\;C:\Program Files\Microsoft SQL Server\Client SDK\ODBC\170\Tools\Binn\;C:\Program Files (x86)\Microsoft SQL Server\150\Tools\Binn\;C:\Program Files\Microsoft SQL Server\150\Tools\Binn\;C:\Program Files\Azure Data Studio\bin;C:\WINDOWS\system32;C:\WINDOWS;C:\WINDOWS\System32\Wbem;C:\WINDOWS\System32\WindowsPowerShell\v1.0\;C:\WINDOWS\System32\OpenSSH\;C:\Program Files (x86)\Microsoft SQL Server\150\DTS\Binn\;D:\Putty\;C:\Program Files\Java\jdk-17.0.3.1\bin;C:\Program Files\Java\jdk-17.0.3.1\jre\bin;D:\Environment\apache-maven-3.8.6\bin;D:\Environment\mysql-5.7.39\bin;C:\Users\梁庆枫\AppData\Local\Programs\Python\Python39\Scripts\;C:\Users\梁庆枫\AppData\Local\Programs\Python\Python39\;C:\Users\梁庆枫\AppData\Local\Microsoft\WindowsApps;D:\PyCharm\PyCharm\PyCharm Community Edition 2021.2.3\bin;;;C:\Program Files\Azure Data Studio\bin;D:\Microsoft VS Code\bin;."/>
    <property name="java.vm.info" value="mixed mode, sharing"/>
    <property name="java.vendor" value="Oracle Corporation"/>
    <property name="java.vm.version" value="17.0.3.1+2-LTS-6"/>
    <property name="sun.io.unicode.encoding" value="UnicodeLittle"/>
    <property name="java.class.version" value="61.0"/>
  </properties>
  <testcase name="contextLoads" classname="com.example.cbepis.CbepisApplicationTests" time="0.562"/>
</testsuite>